# JRE version: Java(TM) SE Runtime Environment (7.0_80-b15) (build 1.7.0_80-b15)
# Java VM: Java HotSpot(TM) 64-Bit Server VM (24.80-b11 mixed mode windows-amd64 compressed oops)
Heap
 PSYoungGen      total 37888K, used 17910K [0x00000007d5f00000, 0x00000007d8900000, 0x0000000800000000)
  eden space 32768K, 39% used [0x00000007d5f00000,0x00000007d6b82a28,0x00000007d7f00000)
  from space 5120K, 99% used [0x00000007d7f00000,0x00000007d83fb198,0x00000007d8400000)
  to   space 5120K, 0% used [0x00000007d8400000,0x00000007d8400000,0x00000007d8900000)
 ParOldGen       total 86016K, used 11900K [0x0000000781e00000, 0x0000000787200000, 0x00000007d5f00000)
  object space 86016K, 13% used [0x0000000781e00000,0x000000078299f218,0x0000000787200000)
 PSPermGen       total 24576K, used 24541K [0x000000077cc00000, 0x000000077e400000, 0x0000000781e00000)
  object space 24576K, 99% used [0x000000077cc00000,0x000000077e3f7678,0x000000077e400000)
GC Heap History (6 events):
Event: 10.685 GC heap before
{Heap before GC invocations=1 (full 0):
 PSYoungGen      total 37888K, used 32768K [0x00000007d5f00000, 0x00000007d8900000, 0x0000000800000000)
  eden space 32768K, 100% used [0x00000007d5f00000,0x00000007d7f00000,0x00000007d7f00000)
  from space 5120K, 0% used [0x00000007d8400000,0x00000007d8400000,0x00000007d8900000)
  to   space 5120K, 0% used [0x00000007d7f00000,0x00000007d7f00000,0x00000007d8400000)
 ParOldGen       total 86016K, used 0K [0x0000000781e00000, 0x0000000787200000, 0x00000007d5f00000)
  object space 86016K, 0% used [0x0000000781e00000,0x0000000781e00000,0x0000000787200000)
 PSPermGen       total 21504K, used 17350K [0x000000077cc00000, 0x000000077e100000, 0x0000000781e00000)
  object space 21504K, 80% used [0x000000077cc00000,0x000000077dcf1b40,0x000000077e100000)
Event: 10.692 GC heap after
Heap after GC invocations=1 (full 0):
 PSYoungGen      total 37888K, used 5098K [0x00000007d5f00000, 0x00000007d8900000, 0x0000000800000000)
  eden space 32768K, 0% used [0x00000007d5f00000,0x00000007d5f00000,0x00000007d7f00000)
  from space 5120K, 99% used [0x00000007d7f00000,0x00000007d83faad8,0x00000007d8400000)
  to   space 5120K, 0% used [0x00000007d8400000,0x00000007d8400000,0x00000007d8900000)
 ParOldGen       total 86016K, used 5507K [0x0000000781e00000, 0x0000000787200000, 0x00000007d5f00000)
  object space 86016K, 6% used [0x0000000781e00000,0x0000000782360ff0,0x0000000787200000)
 PSPermGen       total 21504K, used 17350K [0x000000077cc00000, 0x000000077e100000, 0x0000000781e00000)
  object space 21504K, 80% used [0x000000077cc00000,0x000000077dcf1b40,0x000000077e100000)
}
Event: 14.778 GC heap before
{Heap before GC invocations=2 (full 0):
 PSYoungGen      total 37888K, used 37866K [0x00000007d5f00000, 0x00000007d8900000, 0x0000000800000000)
  eden space 32768K, 100% used [0x00000007d5f00000,0x00000007d7f00000,0x00000007d7f00000)
  from space 5120K, 99% used [0x00000007d7f00000,0x00000007d83faad8,0x00000007d8400000)
  to   space 5120K, 0% used [0x00000007d8400000,0x00000007d8400000,0x00000007d8900000)
 ParOldGen       total 86016K, used 5507K [0x0000000781e00000, 0x0000000787200000, 0x00000007d5f00000)
  object space 86016K, 6% used [0x0000000781e00000,0x0000000782360ff0,0x0000000787200000)
 PSPermGen       total 24576K, used 24333K [0x000000077cc00000, 0x000000077e400000, 0x0000000781e00000)
  object space 24576K, 99% used [0x000000077cc00000,0x000000077e3c34f8,0x000000077e400000)
Event: 14.787 GC heap after
Heap after GC invocations=2 (full 0):
 PSYoungGen      total 37888K, used 5114K [0x00000007d5f00000, 0x00000007d8900000, 0x0000000800000000)
  eden space 32768K, 0% used [0x00000007d5f00000,0x00000007d5f00000,0x00000007d7f00000)
  from space 5120K, 99% used [0x00000007d8400000,0x00000007d88feac8,0x00000007d8900000)
  to   space 5120K, 0% used [0x00000007d7f00000,0x00000007d7f00000,0x00000007d8400000)
 ParOldGen       total 86016K, used 9382K [0x0000000781e00000, 0x0000000787200000, 0x00000007d5f00000)
  object space 86016K, 10% used [0x0000000781e00000,0x0000000782729948,0x0000000787200000)
 PSPermGen       total 24576K, used 24333K [0x000000077cc00000, 0x000000077e400000, 0x0000000781e00000)
  object space 24576K, 99% used [0x000000077cc00000,0x000000077e3c34f8,0x000000077e400000)
}
Event: 17.835 GC heap before
{Heap before GC invocations=3 (full 0):
 PSYoungGen      total 37888K, used 37882K [0x00000007d5f00000, 0x00000007d8900000, 0x0000000800000000)
  eden space 32768K, 100% used [0x00000007d5f00000,0x00000007d7f00000,0x00000007d7f00000)
  from space 5120K, 99% used [0x00000007d8400000,0x00000007d88feac8,0x00000007d8900000)
  to   space 5120K, 0% used [0x00000007d7f00000,0x00000007d7f00000,0x00000007d8400000)
 ParOldGen       total 86016K, used 9382K [0x0000000781e00000, 0x0000000787200000, 0x00000007d5f00000)
  object space 86016K, 10% used [0x0000000781e00000,0x0000000782729948,0x0000000787200000)
 PSPermGen       total 24576K, used 24521K [0x000000077cc00000, 0x000000077e400000, 0x0000000781e00000)
  object space 24576K, 99% used [0x000000077cc00000,0x000000077e3f26f0,0x000000077e400000)
Event: 17.847 GC heap after
Heap after GC invocations=3 (full 0):
 PSYoungGen      total 37888K, used 5100K [0x00000007d5f00000, 0x00000007d8900000, 0x0000000800000000)
  eden space 32768K, 0% used [0x00000007d5f00000,0x00000007d5f00000,0x00000007d7f00000)
  from space 5120K, 99% used [0x00000007d7f00000,0x00000007d83fb198,0x00000007d8400000)
  to   space 5120K, 0% used [0x00000007d8400000,0x00000007d8400000,0x00000007d8900000)
 ParOldGen       total 86016K, used 11900K [0x0000000781e00000, 0x0000000787200000, 0x00000007d5f00000)
  object space 86016K, 13% used [0x0000000781e00000,0x000000078299f218,0x0000000787200000)
 PSPermGen       total 24576K, used 24521K [0x000000077cc00000, 0x000000077e400000, 0x0000000781e00000)
  object space 24576K, 99% used [0x000000077cc00000,0x000000077e3f26f0,0x000000077e400000)
}

